<?xml version="1.0" encoding="UTF-8"?>
<!-- Generated by org.testng.reporters.JUnitReportReporter -->
<testsuite skipped="0" hostname="7OYUE0XO9WRHOLL" name="utils.SeleniumAPI" tests="1" failures="0" timestamp="19 六月 2018 01:48:28 GMT" time="1.574" errors="0">
  <testcase name="testExplicitWait" time="1.574" classname="utils.SeleniumAPI"/>
</testsuite> <!-- utils.SeleniumAPI -->
