<?xml version="1.0" encoding="UTF-8"?>
<!-- Generated by org.testng.reporters.JUnitReportReporter -->
<testsuite skipped="0" hostname="7OYUE0XO9WRHOLL" name="mylession.TEST" tests="1" failures="0" timestamp="07 五月 2018 16:23:26 GMT" time="7.453" errors="0">
  <testcase name="changeEX" time="7.453" classname="mylession.TEST"/>
</testsuite> <!-- mylession.TEST -->
