<?xml version="1.0" encoding="UTF-8"?>
<!-- Generated by org.testng.reporters.JUnitReportReporter -->
<testsuite skipped="0" hostname="7OYUE0XO9WRHOLL" name="mylession.testCase" tests="1" failures="0" timestamp="07 五月 2018 15:54:53 GMT" time="5.699" errors="0">
  <testcase name="selects" time="5.699" classname="mylession.testCase"/>
</testsuite> <!-- mylession.testCase -->
