<?xml version="1.0" encoding="UTF-8"?>
<!-- Generated by org.testng.reporters.JUnitReportReporter -->
<testsuite skipped="0" hostname="7OYUE0XO9WRHOLL" name="mylession.TestNG" tests="2" failures="0" timestamp="11 六月 2018 06:00:15 GMT" time="0.011" errors="0">
  <testcase name="Test2" time="0.005" classname="mylession.TestNG"/>
  <testcase name="Test1" time="0.006" classname="mylession.TestNG"/>
</testsuite> <!-- mylession.TestNG -->
