<?xml version="1.0" encoding="UTF-8"?>
<!-- Generated by org.testng.reporters.JUnitReportReporter -->
<testsuite skipped="0" hostname="7OYUE0XO9WRHOLL" name="mylession.priority" tests="3" failures="0" timestamp="11 六月 2018 07:45:48 GMT" time="0.031" errors="0">
  <testcase name="test" time="0.016" classname="mylession.priority"/>
  <testcase name="test2" time="0.000" classname="mylession.priority"/>
  <testcase name="test3" time="0.015" classname="mylession.priority"/>
</testsuite> <!-- mylession.priority -->
