<?xml version="1.0" encoding="UTF-8"?>
<!-- Generated by org.testng.reporters.JUnitReportReporter -->
<testsuite skipped="0" hostname="7OYUE0XO9WRHOLL" name="com.zkr.fqz.testScript.testFqz" tests="1" failures="0" timestamp="30 九月 2018 03:15:29 GMT" time="3.640" errors="0">
  <testcase name="loginTest" time="3.640" classname="com.zkr.fqz.testScript.testFqz"/>
</testsuite> <!-- com.zkr.fqz.testScript.testFqz -->
